INFO: [VRFC 10-163] Analyzing VHDL file "/net/netud/e/mchovet001/Bureau/S8/projet_theme/Enigma_WO_UART/Enigma_WO_UART.srcs/sources_1/imports/VHDL/ADD.vhd" into library xil_defaultlib
INFO: [VRFC 10-3107] analyzing entity 'ADD'
INFO: [VRFC 10-163] Analyzing VHDL file "/net/netud/e/mchovet001/Bureau/S8/projet_theme/Enigma_WO_UART/Enigma_WO_UART.srcs/sources_1/imports/VHDL/Bascule.vhd" into library xil_defaultlib
INFO: [VRFC 10-3107] analyzing entity 'Bascule'
INFO: [VRFC 10-163] Analyzing VHDL file "/net/netud/e/mchovet001/Bureau/S8/projet_theme/Enigma_WO_UART/Enigma_WO_UART.srcs/sources_1/imports/VHDL/Cpt_rot.vhd" into library xil_defaultlib
INFO: [VRFC 10-3107] analyzing entity 'Cpt_rot'
INFO: [VRFC 10-163] Analyzing VHDL file "/net/netud/e/mchovet001/Bureau/S8/projet_theme/Enigma_WO_UART/Enigma_WO_UART.srcs/sources_1/imports/VHDL/FSM.vhd" into library xil_defaultlib
INFO: [VRFC 10-3107] analyzing entity 'FSM'
INFO: [VRFC 10-163] Analyzing VHDL file "/net/netud/e/mchovet001/Bureau/S8/projet_theme/Enigma_WO_UART/Enigma_WO_UART.srcs/sources_1/imports/VHDL/RAM_rot.vhd" into library xil_defaultlib
INFO: [VRFC 10-3107] analyzing entity 'RAM_rot'
INFO: [VRFC 10-163] Analyzing VHDL file "/net/netud/e/mchovet001/Bureau/S8/projet_theme/Enigma_WO_UART/Enigma_WO_UART.srcs/sources_1/imports/VHDL/RAM_rot_inv.vhd" into library xil_defaultlib
INFO: [VRFC 10-3107] analyzing entity 'RAM_rot_inv'
INFO: [VRFC 10-163] Analyzing VHDL file "/net/netud/e/mchovet001/Bureau/S8/projet_theme/Enigma_WO_UART/Enigma_WO_UART.srcs/sources_1/imports/VHDL/Rotor.vhd" into library xil_defaultlib
INFO: [VRFC 10-3107] analyzing entity 'Rotor'
INFO: [VRFC 10-163] Analyzing VHDL file "/net/netud/e/mchovet001/Bureau/S8/projet_theme/Enigma_WO_UART/Enigma_WO_UART.srcs/sources_1/imports/VHDL/Rotor_inv.vhd" into library xil_defaultlib
INFO: [VRFC 10-3107] analyzing entity 'Rotor_inv'
INFO: [VRFC 10-163] Analyzing VHDL file "/net/netud/e/mchovet001/Bureau/S8/projet_theme/Enigma_WO_UART/Enigma_WO_UART.srcs/sources_1/imports/VHDL/Traitement.vhd" into library xil_defaultlib
INFO: [VRFC 10-3107] analyzing entity 'Traitement'
INFO: [VRFC 10-163] Analyzing VHDL file "/net/netud/e/mchovet001/Bureau/S8/projet_theme/Enigma_WO_UART/Enigma_WO_UART.srcs/sources_1/imports/new/cpt_decl.vhd" into library xil_defaultlib
INFO: [VRFC 10-3107] analyzing entity 'cpt_decl'
INFO: [VRFC 10-163] Analyzing VHDL file "/net/netud/e/mchovet001/Bureau/S8/projet_theme/Enigma_WO_UART/Enigma_WO_UART.srcs/sources_1/imports/VHDL/num_selec.vhd" into library xil_defaultlib
INFO: [VRFC 10-3107] analyzing entity 'num_selec'
INFO: [VRFC 10-163] Analyzing VHDL file "/net/netud/e/mchovet001/Bureau/S8/projet_theme/Enigma_WO_UART/Enigma_WO_UART.srcs/sources_1/imports/new/plug_board.vhd" into library xil_defaultlib
INFO: [VRFC 10-3107] analyzing entity 'plugboard'
INFO: [VRFC 10-163] Analyzing VHDL file "/net/netud/e/mchovet001/Bureau/S8/projet_theme/Enigma_WO_UART/Enigma_WO_UART.srcs/sources_1/imports/VHDL/reflecteur.vhd" into library xil_defaultlib
INFO: [VRFC 10-3107] analyzing entity 'reflecteur'
INFO: [VRFC 10-163] Analyzing VHDL file "/net/netud/e/mchovet001/Bureau/S8/projet_theme/Enigma_WO_UART/Enigma_WO_UART.srcs/sources_1/imports/VHDL/soustracteur.vhd" into library xil_defaultlib
INFO: [VRFC 10-3107] analyzing entity 'SUB'
INFO: [VRFC 10-163] Analyzing VHDL file "/net/netud/e/mchovet001/Bureau/S8/projet_theme/Enigma_WO_UART/Enigma_WO_UART.srcs/sources_1/imports/VHDL/transmitter.vhd" into library xil_defaultlib
INFO: [VRFC 10-3107] analyzing entity 'transmitter'
